<html>
<head>
<title>TestNG:  Default test</title>
<link href="../testng.css" rel="stylesheet" type="text/css" />
<link href="../my-testng.css" rel="stylesheet" type="text/css" />

<style type="text/css">
.log { display: none;} 
.stack-trace { display: none;} 
</style>
<script type="text/javascript">
<!--
function flip(e) {
  current = e.style.display;
  if (current == 'block') {
    e.style.display = 'none';
    return 0;
  }
  else {
    e.style.display = 'block';
    return 1;
  }
}

function toggleBox(szDivId, elem, msg1, msg2)
{
  var res = -1;  if (document.getElementById) {
    res = flip(document.getElementById(szDivId));
  }
  else if (document.all) {
    // this is the way old msie versions work
    res = flip(document.all[szDivId]);
  }
  if(elem) {
    if(res == 0) elem.innerHTML = msg1; else elem.innerHTML = msg2;
  }

}

function toggleAllBoxes() {
  if (document.getElementsByTagName) {
    d = document.getElementsByTagName('div');
    for (i = 0; i < d.length; i++) {
      if (d[i].className == 'log') {
        flip(d[i]);
      }
    }
  }
}

// -->
</script>

</head>
<body>
<h2 align='center'>Default test</h2><table border='1' align="center">
<tr>
<td>Tests passed/Failed/Skipped:</td><td>7/2/0</td>
</tr><tr>
<td>Started on:</td><td>Mon Oct 30 09:29:01 EDT 2023</td>
</tr>
<tr><td>Total time:</td><td>532 seconds (532652 ms)</td>
</tr><tr>
<td>Included groups:</td><td></td>
</tr><tr>
<td>Excluded groups:</td><td></td>
</tr>
</table><p/>
<small><i>(Hover the method name to see the test class name)</i></small><p/>
<table width='100%' border='1' class='invocation-failed'>
<tr><td colspan='4' align='center'><b>FAILED TESTS</b></td></tr>
<tr><td><b>Test method</b></td>
<td><b>Attribute(s)</b></td>
<td width="30%"><b>Exception</b></td>
<td width="10%"><b>Time (seconds)</b></td>
<td><b>Instance</b></td>
</tr>
<tr>
<td title='details_section.Contract.BasicTest.Verify_In_BasicSection_Mortgage_Broker_field_working_proper_or_not()'><b>Verify_In_BasicSection_Mortgage_Broker_field_working_proper_or_not</b><br>Test class: details_section.Contract.BasicTest<br>Parameters: [{Single_Transferee=Utsavi A. Patel, Conveyancer=John Smith, Estate_Transferor=Seller Test, Single_Transferor=Alice Horton, Firm_Contact=Angela Ratcliffe, Corporation_Transferor=ABC Company, Responsible_Lawyer=Maurizio Romanin, Estate_Transferee=Test, MortgageBroker_Fee=5000, Corporation_Transferee=ABC Corp.}, {OtherSide_Lawyer=Patel, Broker_LastName=Patel, Contract_Price=900000, Vendor_Deposit=7000, Broker_ContractPrice=3, Closing_Date=01/DEC/2023, Broker_Deposit=2000, Lawyer_Deposit=5000}, {Street_Name=Don Mills, Street_Number=715, Postal_Code=M3C 1V9, City=Toronto}]</td>
<td><div><pre>java.lang.AssertionError: Fail
	at org.testng.Assert.fail(Assert.java:99)
	at details_section.PageObject.CONTRACT.Basic.MortgageBroker(Basic.java:742)
	at details_section.Contract.BasicTest.Verify_In_BasicSection_Mortgage_Broker_field_working_proper_or_not(BasicTest.java:120)
	at java.base/jdk.internal.reflect.NativeMethodAccessorImpl.invoke0(Native Method)
	at java.base/jdk.internal.reflect.NativeMethodAccessorImpl.invoke(NativeMethodAccessorImpl.java:77)
	at java.base/jdk.internal.reflect.DelegatingMethodAccessorImpl.invoke(DelegatingMethodAccessorImpl.java:43)
	at java.base/java.lang.reflect.Method.invoke(Method.java:568)
	at org.testng.internal.invokers.MethodInvocationHelper.invokeMethod(MethodInvocationHelper.java:139)
	at org.testng.internal.invokers.TestInvoker.invokeMethod(TestInvoker.java:664)
	at org.testng.internal.invokers.TestInvoker.invokeTestMethod(TestInvoker.java:227)
	at org.testng.internal.invokers.MethodRunner.runInSequence(MethodRunner.java:50)
	at org.testng.internal.invokers.TestInvoker$MethodInvocationAgent.invoke(TestInvoker.java:957)
	at org.testng.internal.invokers.TestInvoker.invokeTestMethods(TestInvoker.java:200)
	at org.testng.internal.invokers.TestMethodWorker.invokeTestMethods(TestMethodWorker.java:148)
	at org.testng.internal.invokers.TestMethodWorker.run(TestMethodWorker.java:128)
	at java.base/java.util.ArrayList.forEach(ArrayList.java:1511)
	at org.testng.TestRunner.privateRun(TestRunner.java:848)
	at org.testng.TestRunner.run(TestRunner.java:621)
	at org.testng.SuiteRunner.runTest(SuiteRunner.java:443)
	at org.testng.SuiteRunner.runSequentially(SuiteRunner.java:437)
	at org.testng.SuiteRunner.privateRun(SuiteRunner.java:397)
	at org.testng.SuiteRunner.run(SuiteRunner.java:336)
	at org.testng.SuiteRunnerWorker.runSuite(SuiteRunnerWorker.java:52)
	at org.testng.SuiteRunnerWorker.run(SuiteRunnerWorker.java:95)
	at org.testng.TestNG.runSuitesSequentially(TestNG.java:1280)
	at org.testng.TestNG.runSuitesLocally(TestNG.java:1200)
	at org.testng.TestNG.runSuites(TestNG.java:1114)
	at org.testng.TestNG.run(TestNG.java:1082)
	at org.testng.remote.AbstractRemoteTestNG.run(AbstractRemoteTestNG.java:115)
	at org.testng.remote.RemoteTestNG.initAndRun(RemoteTestNG.java:251)
	at org.testng.remote.RemoteTestNG.main(RemoteTestNG.java:77)
Caused by: org.openqa.selenium.NoSuchElementException: no such element: Unable to locate element: {&quot;method&quot;:&quot;xpath&quot;,&quot;selector&quot;:&quot;(//span[contains(text(),&apos;Mortgage Broker&apos;)])/preceding::span[@class=&apos;item-name&apos;][1]&quot;}
  (Session info: chrome=118.0.5993.118)
For documentation on this error, please visit: https://www.selenium.dev/documentation/webdriver/troubleshooting/errors#no-such-element-exception
Build info: version: &apos;4.11.0&apos;, revision: &apos;040bc5406b&apos;
System info: os.name: &apos;Windows 11&apos;, os.arch: &apos;amd64&apos;, os.version: &apos;10.0&apos;, java.version: &apos;17.0.5&apos;
Driver info: org.openqa.selenium.chrome.ChromeDriver
Command: [bdd44bd2c4ada6ed9503739594f38c99, findElement {using=xpath, value=(//span[contains(text(),&apos;Mortgage Broker&apos;)])/preceding::span[@class=&apos;item-name&apos;][1]}]
Capabilities {acceptInsecureCerts: false, browserName: chrome, browserVersion: 118.0.5993.118, chrome: {chromedriverVersion: 118.0.5993.70 (e52f33f30b91..., userDataDir: C:\Users\utsavi\AppData\Loc...}, fedcm:accounts: true, goog:chromeOptions: {debuggerAddress: localhost:49836}, networkConnectionEnabled: false, pageLoadStrategy: normal, platformName: windows, proxy: Proxy(), se:cdp: ws://localhost:49836/devtoo..., se:cdpVersion: 118.0.5993.118, setWindowRect: true, strictFileInteractability: false, timeouts: {implicit: 0, pageLoad: 300000, script: 30000}, unhandledPromptBehavior: dismiss and notify, webauthn:extension:credBlob: true, webauthn:extension:largeBlob: true, webauthn:extension:minPinLength: true, webauthn:extension:prf: true, webauthn:virtualAuthenticators: true}
Session ID: bdd44bd2c4ada6ed9503739594f38c99
	at java.base/jdk.internal.reflect.NativeConstructorAccessorImpl.newInstance0(Native Method)
	at java.base/jdk.internal.reflect.NativeConstructorAccessorImpl.newInstance(NativeConstructorAccessorImpl.java:77)
	at java.base/jdk.internal.reflect.DelegatingConstructorAccessorImpl.newInstance(DelegatingConstructorAccessorImpl.java:45)
	at java.base/java.lang.reflect.Constructor.newInstanceWithCaller(Constructor.java:499)
	at java.base/java.lang.reflect.Constructor.newInstance(Constructor.java:480)
	at org.openqa.selenium.remote.codec.w3c.W3CHttpResponseCodec.createException(W3CHttpResponseCodec.java:200)
	at org.openqa.selenium.remote.codec.w3c.W3CHttpResponseCodec.decode(W3CHttpResponseCodec.java:133)
	at org.openqa.selenium.remote.codec.w3c.W3CHttpResponseCodec.decode(W3CHttpResponseCodec.java:52)
	at org.openqa.selenium.remote.HttpCommandExecutor.execute(HttpCommandExecutor.java:191)
	at org.openqa.selenium.remote.service.DriverCommandExecutor.invokeExecute(DriverCommandExecutor.java:196)
	at org.openqa.selenium.remote.service.DriverCommandExecutor.execute(DriverCommandExecutor.java:171)
	at org.openqa.selenium.remote.RemoteWebDriver.execute(RemoteWebDriver.java:518)
	at org.openqa.selenium.remote.ElementLocation$ElementFinder$2.findElement(ElementLocation.java:165)
	at org.openqa.selenium.remote.ElementLocation.findElement(ElementLocation.java:59)
	at org.openqa.selenium.remote.RemoteWebDriver.findElement(RemoteWebDriver.java:355)
	at org.openqa.selenium.remote.RemoteWebDriver.findElement(RemoteWebDriver.java:349)
	at org.openqa.selenium.support.pagefactory.DefaultElementLocator.findElement(DefaultElementLocator.java:68)
	at org.openqa.selenium.support.pagefactory.internal.LocatingElementHandler.invoke(LocatingElementHandler.java:38)
	at jdk.proxy2/jdk.proxy2.$Proxy20.getText(Unknown Source)
	at details_section.PageObject.CONTRACT.Basic.MortgageBroker(Basic.java:717)
	... 29 more
</pre></div><a href='#' onClick='toggleBox("stack-trace1458969972", this, "Click to show all stack frames", "Click to hide stack frames")'>Click to show all stack frames</a>
<div class='stack-trace' id='stack-trace1458969972'><pre>java.lang.AssertionError: Fail
	at org.testng.Assert.fail(Assert.java:99)
	at details_section.PageObject.CONTRACT.Basic.MortgageBroker(Basic.java:742)
	at details_section.Contract.BasicTest.Verify_In_BasicSection_Mortgage_Broker_field_working_proper_or_not(BasicTest.java:120)
	at java.base/jdk.internal.reflect.NativeMethodAccessorImpl.invoke0(Native Method)
	at java.base/jdk.internal.reflect.NativeMethodAccessorImpl.invoke(NativeMethodAccessorImpl.java:77)
	at java.base/jdk.internal.reflect.DelegatingMethodAccessorImpl.invoke(DelegatingMethodAccessorImpl.java:43)
	at java.base/java.lang.reflect.Method.invoke(Method.java:568)
	at org.testng.internal.invokers.MethodInvocationHelper.invokeMethod(MethodInvocationHelper.java:139)
	at org.testng.internal.invokers.TestInvoker.invokeMethod(TestInvoker.java:664)
	at org.testng.internal.invokers.TestInvoker.invokeTestMethod(TestInvoker.java:227)
	at org.testng.internal.invokers.MethodRunner.runInSequence(MethodRunner.java:50)
	at org.testng.internal.invokers.TestInvoker$MethodInvocationAgent.invoke(TestInvoker.java:957)
	at org.testng.internal.invokers.TestInvoker.invokeTestMethods(TestInvoker.java:200)
	at org.testng.internal.invokers.TestMethodWorker.invokeTestMethods(TestMethodWorker.java:148)
	at org.testng.internal.invokers.TestMethodWorker.run(TestMethodWorker.java:128)
	at java.base/java.util.ArrayList.forEach(ArrayList.java:1511)
	at org.testng.TestRunner.privateRun(TestRunner.java:848)
	at org.testng.TestRunner.run(TestRunner.java:621)
	at org.testng.SuiteRunner.runTest(SuiteRunner.java:443)
	at org.testng.SuiteRunner.runSequentially(SuiteRunner.java:437)
	at org.testng.SuiteRunner.privateRun(SuiteRunner.java:397)
	at org.testng.SuiteRunner.run(SuiteRunner.java:336)
	at org.testng.SuiteRunnerWorker.runSuite(SuiteRunnerWorker.java:52)
	at org.testng.SuiteRunnerWorker.run(SuiteRunnerWorker.java:95)
	at org.testng.TestNG.runSuitesSequentially(TestNG.java:1280)
	at org.testng.TestNG.runSuitesLocally(TestNG.java:1200)
	at org.testng.TestNG.runSuites(TestNG.java:1114)
	at org.testng.TestNG.run(TestNG.java:1082)
	at org.testng.remote.AbstractRemoteTestNG.run(AbstractRemoteTestNG.java:115)
	at org.testng.remote.RemoteTestNG.initAndRun(RemoteTestNG.java:251)
	at org.testng.remote.RemoteTestNG.main(RemoteTestNG.java:77)
Caused by: org.openqa.selenium.NoSuchElementException: no such element: Unable to locate element: {&quot;method&quot;:&quot;xpath&quot;,&quot;selector&quot;:&quot;(//span[contains(text(),&apos;Mortgage Broker&apos;)])/preceding::span[@class=&apos;item-name&apos;][1]&quot;}
  (Session info: chrome=118.0.5993.118)
For documentation on this error, please visit: https://www.selenium.dev/documentation/webdriver/troubleshooting/errors#no-such-element-exception
Build info: version: &apos;4.11.0&apos;, revision: &apos;040bc5406b&apos;
System info: os.name: &apos;Windows 11&apos;, os.arch: &apos;amd64&apos;, os.version: &apos;10.0&apos;, java.version: &apos;17.0.5&apos;
Driver info: org.openqa.selenium.chrome.ChromeDriver
Command: [bdd44bd2c4ada6ed9503739594f38c99, findElement {using=xpath, value=(//span[contains(text(),&apos;Mortgage Broker&apos;)])/preceding::span[@class=&apos;item-name&apos;][1]}]
Capabilities {acceptInsecureCerts: false, browserName: chrome, browserVersion: 118.0.5993.118, chrome: {chromedriverVersion: 118.0.5993.70 (e52f33f30b91..., userDataDir: C:\Users\utsavi\AppData\Loc...}, fedcm:accounts: true, goog:chromeOptions: {debuggerAddress: localhost:49836}, networkConnectionEnabled: false, pageLoadStrategy: normal, platformName: windows, proxy: Proxy(), se:cdp: ws://localhost:49836/devtoo..., se:cdpVersion: 118.0.5993.118, setWindowRect: true, strictFileInteractability: false, timeouts: {implicit: 0, pageLoad: 300000, script: 30000}, unhandledPromptBehavior: dismiss and notify, webauthn:extension:credBlob: true, webauthn:extension:largeBlob: true, webauthn:extension:minPinLength: true, webauthn:extension:prf: true, webauthn:virtualAuthenticators: true}
Session ID: bdd44bd2c4ada6ed9503739594f38c99
	at java.base/jdk.internal.reflect.NativeConstructorAccessorImpl.newInstance0(Native Method)
	at java.base/jdk.internal.reflect.NativeConstructorAccessorImpl.newInstance(NativeConstructorAccessorImpl.java:77)
	at java.base/jdk.internal.reflect.DelegatingConstructorAccessorImpl.newInstance(DelegatingConstructorAccessorImpl.java:45)
	at java.base/java.lang.reflect.Constructor.newInstanceWithCaller(Constructor.java:499)
	at java.base/java.lang.reflect.Constructor.newInstance(Constructor.java:480)
	at org.openqa.selenium.remote.codec.w3c.W3CHttpResponseCodec.createException(W3CHttpResponseCodec.java:200)
	at org.openqa.selenium.remote.codec.w3c.W3CHttpResponseCodec.decode(W3CHttpResponseCodec.java:133)
	at org.openqa.selenium.remote.codec.w3c.W3CHttpResponseCodec.decode(W3CHttpResponseCodec.java:52)
	at org.openqa.selenium.remote.HttpCommandExecutor.execute(HttpCommandExecutor.java:191)
	at org.openqa.selenium.remote.service.DriverCommandExecutor.invokeExecute(DriverCommandExecutor.java:196)
	at org.openqa.selenium.remote.service.DriverCommandExecutor.execute(DriverCommandExecutor.java:171)
	at org.openqa.selenium.remote.RemoteWebDriver.execute(RemoteWebDriver.java:518)
	at org.openqa.selenium.remote.ElementLocation$ElementFinder$2.findElement(ElementLocation.java:165)
	at org.openqa.selenium.remote.ElementLocation.findElement(ElementLocation.java:59)
	at org.openqa.selenium.remote.RemoteWebDriver.findElement(RemoteWebDriver.java:355)
	at org.openqa.selenium.remote.RemoteWebDriver.findElement(RemoteWebDriver.java:349)
	at org.openqa.selenium.support.pagefactory.DefaultElementLocator.findElement(DefaultElementLocator.java:68)
	at org.openqa.selenium.support.pagefactory.internal.LocatingElementHandler.invoke(LocatingElementHandler.java:38)
	at jdk.proxy2/jdk.proxy2.$Proxy20.getText(Unknown Source)
	at details_section.PageObject.CONTRACT.Basic.MortgageBroker(Basic.java:717)
	... 29 more
</pre></div></td>
<td>58</td>
<td>details_section.Contract.BasicTest@26abb146</td></tr>
<tr>
<td title='details_section.Contract.BasicTest.Verify_In_BasicSection_Fire_Insurance_Different_fields_working_proper_or_not()'><b>Verify_In_BasicSection_Fire_Insurance_Different_fields_working_proper_or_not</b><br>Test class: details_section.Contract.BasicTest<br>Parameters: [{Single_Transferee=Utsavi A. Patel, Conveyancer=John Smith, Estate_Transferor=Seller Test, Single_Transferor=Alice Horton, Firm_Contact=Angela Ratcliffe, Corporation_Transferor=ABC Company, Responsible_Lawyer=Maurizio Romanin, Estate_Transferee=Test, MortgageBroker_Fee=5000, Corporation_Transferee=ABC Corp.}, {OtherSide_Lawyer=Patel, Broker_LastName=Patel, Contract_Price=900000, Vendor_Deposit=7000, Broker_ContractPrice=3, Closing_Date=01/DEC/2023, Broker_Deposit=2000, Lawyer_Deposit=5000}, {Street_Name=Don Mills, Street_Number=715, Postal_Code=M3C 1V9, City=Toronto}]</td>
<td><div><pre>java.lang.AssertionError: Fail
	at org.testng.Assert.fail(Assert.java:99)
	at details_section.PageObject.CONTRACT.Basic.FireInsurance(Basic.java:687)
	at details_section.Contract.BasicTest.Verify_In_BasicSection_Fire_Insurance_Different_fields_working_proper_or_not(BasicTest.java:109)
	at java.base/jdk.internal.reflect.NativeMethodAccessorImpl.invoke0(Native Method)
	at java.base/jdk.internal.reflect.NativeMethodAccessorImpl.invoke(NativeMethodAccessorImpl.java:77)
	at java.base/jdk.internal.reflect.DelegatingMethodAccessorImpl.invoke(DelegatingMethodAccessorImpl.java:43)
	at java.base/java.lang.reflect.Method.invoke(Method.java:568)
	at org.testng.internal.invokers.MethodInvocationHelper.invokeMethod(MethodInvocationHelper.java:139)
	at org.testng.internal.invokers.TestInvoker.invokeMethod(TestInvoker.java:664)
	at org.testng.internal.invokers.TestInvoker.invokeTestMethod(TestInvoker.java:227)
	at org.testng.internal.invokers.MethodRunner.runInSequence(MethodRunner.java:50)
	at org.testng.internal.invokers.TestInvoker$MethodInvocationAgent.invoke(TestInvoker.java:957)
	at org.testng.internal.invokers.TestInvoker.invokeTestMethods(TestInvoker.java:200)
	at org.testng.internal.invokers.TestMethodWorker.invokeTestMethods(TestMethodWorker.java:148)
	at org.testng.internal.invokers.TestMethodWorker.run(TestMethodWorker.java:128)
	at java.base/java.util.ArrayList.forEach(ArrayList.java:1511)
	at org.testng.TestRunner.privateRun(TestRunner.java:848)
	at org.testng.TestRunner.run(TestRunner.java:621)
	at org.testng.SuiteRunner.runTest(SuiteRunner.java:443)
	at org.testng.SuiteRunner.runSequentially(SuiteRunner.java:437)
	at org.testng.SuiteRunner.privateRun(SuiteRunner.java:397)
	at org.testng.SuiteRunner.run(SuiteRunner.java:336)
	at org.testng.SuiteRunnerWorker.runSuite(SuiteRunnerWorker.java:52)
	at org.testng.SuiteRunnerWorker.run(SuiteRunnerWorker.java:95)
	at org.testng.TestNG.runSuitesSequentially(TestNG.java:1280)
	at org.testng.TestNG.runSuitesLocally(TestNG.java:1200)
	at org.testng.TestNG.runSuites(TestNG.java:1114)
	at org.testng.TestNG.run(TestNG.java:1082)
	at org.testng.remote.AbstractRemoteTestNG.run(AbstractRemoteTestNG.java:115)
	at org.testng.remote.RemoteTestNG.initAndRun(RemoteTestNG.java:251)
	at org.testng.remote.RemoteTestNG.main(RemoteTestNG.java:77)
Caused by: org.openqa.selenium.NoSuchElementException: no such element: Unable to locate element: {&quot;method&quot;:&quot;xpath&quot;,&quot;selector&quot;:&quot;(//span[contains(text(),&apos;Fire Ins.&apos;)])/preceding::span[@class=&apos;item-name&apos;][1]&quot;}
  (Session info: chrome=118.0.5993.118)
For documentation on this error, please visit: https://www.selenium.dev/documentation/webdriver/troubleshooting/errors#no-such-element-exception
Build info: version: &apos;4.11.0&apos;, revision: &apos;040bc5406b&apos;
System info: os.name: &apos;Windows 11&apos;, os.arch: &apos;amd64&apos;, os.version: &apos;10.0&apos;, java.version: &apos;17.0.5&apos;
Driver info: org.openqa.selenium.chrome.ChromeDriver
Command: [e680f226d0758b1bacecda92dbbda6ec, findElement {using=xpath, value=(//span[contains(text(),&apos;Fire Ins.&apos;)])/preceding::span[@class=&apos;item-name&apos;][1]}]
Capabilities {acceptInsecureCerts: false, browserName: chrome, browserVersion: 118.0.5993.118, chrome: {chromedriverVersion: 118.0.5993.70 (e52f33f30b91..., userDataDir: C:\Users\utsavi\AppData\Loc...}, fedcm:accounts: true, goog:chromeOptions: {debuggerAddress: localhost:49752}, networkConnectionEnabled: false, pageLoadStrategy: normal, platformName: windows, proxy: Proxy(), se:cdp: ws://localhost:49752/devtoo..., se:cdpVersion: 118.0.5993.118, setWindowRect: true, strictFileInteractability: false, timeouts: {implicit: 0, pageLoad: 300000, script: 30000}, unhandledPromptBehavior: dismiss and notify, webauthn:extension:credBlob: true, webauthn:extension:largeBlob: true, webauthn:extension:minPinLength: true, webauthn:extension:prf: true, webauthn:virtualAuthenticators: true}
Session ID: e680f226d0758b1bacecda92dbbda6ec
	at java.base/jdk.internal.reflect.NativeConstructorAccessorImpl.newInstance0(Native Method)
	at java.base/jdk.internal.reflect.NativeConstructorAccessorImpl.newInstance(NativeConstructorAccessorImpl.java:77)
	at java.base/jdk.internal.reflect.DelegatingConstructorAccessorImpl.newInstance(DelegatingConstructorAccessorImpl.java:45)
	at java.base/java.lang.reflect.Constructor.newInstanceWithCaller(Constructor.java:499)
	at java.base/java.lang.reflect.Constructor.newInstance(Constructor.java:480)
	at org.openqa.selenium.remote.codec.w3c.W3CHttpResponseCodec.createException(W3CHttpResponseCodec.java:200)
	at org.openqa.selenium.remote.codec.w3c.W3CHttpResponseCodec.decode(W3CHttpResponseCodec.java:133)
	at org.openqa.selenium.remote.codec.w3c.W3CHttpResponseCodec.decode(W3CHttpResponseCodec.java:52)
	at org.openqa.selenium.remote.HttpCommandExecutor.execute(HttpCommandExecutor.java:191)
	at org.openqa.selenium.remote.service.DriverCommandExecutor.invokeExecute(DriverCommandExecutor.java:196)
	at org.openqa.selenium.remote.service.DriverCommandExecutor.execute(DriverCommandExecutor.java:171)
	at org.openqa.selenium.remote.RemoteWebDriver.execute(RemoteWebDriver.java:518)
	at org.openqa.selenium.remote.ElementLocation$ElementFinder$2.findElement(ElementLocation.java:165)
	at org.openqa.selenium.remote.ElementLocation.findElement(ElementLocation.java:59)
	at org.openqa.selenium.remote.RemoteWebDriver.findElement(RemoteWebDriver.java:355)
	at org.openqa.selenium.remote.RemoteWebDriver.findElement(RemoteWebDriver.java:349)
	at org.openqa.selenium.support.pagefactory.DefaultElementLocator.findElement(DefaultElementLocator.java:68)
	at org.openqa.selenium.support.pagefactory.internal.LocatingElementHandler.invoke(LocatingElementHandler.java:38)
	at jdk.proxy2/jdk.proxy2.$Proxy20.getText(Unknown Source)
	at details_section.PageObject.CONTRACT.Basic.FireInsurance(Basic.java:662)
	... 29 more
</pre></div><a href='#' onClick='toggleBox("stack-trace1525050520", this, "Click to show all stack frames", "Click to hide stack frames")'>Click to show all stack frames</a>
<div class='stack-trace' id='stack-trace1525050520'><pre>java.lang.AssertionError: Fail
	at org.testng.Assert.fail(Assert.java:99)
	at details_section.PageObject.CONTRACT.Basic.FireInsurance(Basic.java:687)
	at details_section.Contract.BasicTest.Verify_In_BasicSection_Fire_Insurance_Different_fields_working_proper_or_not(BasicTest.java:109)
	at java.base/jdk.internal.reflect.NativeMethodAccessorImpl.invoke0(Native Method)
	at java.base/jdk.internal.reflect.NativeMethodAccessorImpl.invoke(NativeMethodAccessorImpl.java:77)
	at java.base/jdk.internal.reflect.DelegatingMethodAccessorImpl.invoke(DelegatingMethodAccessorImpl.java:43)
	at java.base/java.lang.reflect.Method.invoke(Method.java:568)
	at org.testng.internal.invokers.MethodInvocationHelper.invokeMethod(MethodInvocationHelper.java:139)
	at org.testng.internal.invokers.TestInvoker.invokeMethod(TestInvoker.java:664)
	at org.testng.internal.invokers.TestInvoker.invokeTestMethod(TestInvoker.java:227)
	at org.testng.internal.invokers.MethodRunner.runInSequence(MethodRunner.java:50)
	at org.testng.internal.invokers.TestInvoker$MethodInvocationAgent.invoke(TestInvoker.java:957)
	at org.testng.internal.invokers.TestInvoker.invokeTestMethods(TestInvoker.java:200)
	at org.testng.internal.invokers.TestMethodWorker.invokeTestMethods(TestMethodWorker.java:148)
	at org.testng.internal.invokers.TestMethodWorker.run(TestMethodWorker.java:128)
	at java.base/java.util.ArrayList.forEach(ArrayList.java:1511)
	at org.testng.TestRunner.privateRun(TestRunner.java:848)
	at org.testng.TestRunner.run(TestRunner.java:621)
	at org.testng.SuiteRunner.runTest(SuiteRunner.java:443)
	at org.testng.SuiteRunner.runSequentially(SuiteRunner.java:437)
	at org.testng.SuiteRunner.privateRun(SuiteRunner.java:397)
	at org.testng.SuiteRunner.run(SuiteRunner.java:336)
	at org.testng.SuiteRunnerWorker.runSuite(SuiteRunnerWorker.java:52)
	at org.testng.SuiteRunnerWorker.run(SuiteRunnerWorker.java:95)
	at org.testng.TestNG.runSuitesSequentially(TestNG.java:1280)
	at org.testng.TestNG.runSuitesLocally(TestNG.java:1200)
	at org.testng.TestNG.runSuites(TestNG.java:1114)
	at org.testng.TestNG.run(TestNG.java:1082)
	at org.testng.remote.AbstractRemoteTestNG.run(AbstractRemoteTestNG.java:115)
	at org.testng.remote.RemoteTestNG.initAndRun(RemoteTestNG.java:251)
	at org.testng.remote.RemoteTestNG.main(RemoteTestNG.java:77)
Caused by: org.openqa.selenium.NoSuchElementException: no such element: Unable to locate element: {&quot;method&quot;:&quot;xpath&quot;,&quot;selector&quot;:&quot;(//span[contains(text(),&apos;Fire Ins.&apos;)])/preceding::span[@class=&apos;item-name&apos;][1]&quot;}
  (Session info: chrome=118.0.5993.118)
For documentation on this error, please visit: https://www.selenium.dev/documentation/webdriver/troubleshooting/errors#no-such-element-exception
Build info: version: &apos;4.11.0&apos;, revision: &apos;040bc5406b&apos;
System info: os.name: &apos;Windows 11&apos;, os.arch: &apos;amd64&apos;, os.version: &apos;10.0&apos;, java.version: &apos;17.0.5&apos;
Driver info: org.openqa.selenium.chrome.ChromeDriver
Command: [e680f226d0758b1bacecda92dbbda6ec, findElement {using=xpath, value=(//span[contains(text(),&apos;Fire Ins.&apos;)])/preceding::span[@class=&apos;item-name&apos;][1]}]
Capabilities {acceptInsecureCerts: false, browserName: chrome, browserVersion: 118.0.5993.118, chrome: {chromedriverVersion: 118.0.5993.70 (e52f33f30b91..., userDataDir: C:\Users\utsavi\AppData\Loc...}, fedcm:accounts: true, goog:chromeOptions: {debuggerAddress: localhost:49752}, networkConnectionEnabled: false, pageLoadStrategy: normal, platformName: windows, proxy: Proxy(), se:cdp: ws://localhost:49752/devtoo..., se:cdpVersion: 118.0.5993.118, setWindowRect: true, strictFileInteractability: false, timeouts: {implicit: 0, pageLoad: 300000, script: 30000}, unhandledPromptBehavior: dismiss and notify, webauthn:extension:credBlob: true, webauthn:extension:largeBlob: true, webauthn:extension:minPinLength: true, webauthn:extension:prf: true, webauthn:virtualAuthenticators: true}
Session ID: e680f226d0758b1bacecda92dbbda6ec
	at java.base/jdk.internal.reflect.NativeConstructorAccessorImpl.newInstance0(Native Method)
	at java.base/jdk.internal.reflect.NativeConstructorAccessorImpl.newInstance(NativeConstructorAccessorImpl.java:77)
	at java.base/jdk.internal.reflect.DelegatingConstructorAccessorImpl.newInstance(DelegatingConstructorAccessorImpl.java:45)
	at java.base/java.lang.reflect.Constructor.newInstanceWithCaller(Constructor.java:499)
	at java.base/java.lang.reflect.Constructor.newInstance(Constructor.java:480)
	at org.openqa.selenium.remote.codec.w3c.W3CHttpResponseCodec.createException(W3CHttpResponseCodec.java:200)
	at org.openqa.selenium.remote.codec.w3c.W3CHttpResponseCodec.decode(W3CHttpResponseCodec.java:133)
	at org.openqa.selenium.remote.codec.w3c.W3CHttpResponseCodec.decode(W3CHttpResponseCodec.java:52)
	at org.openqa.selenium.remote.HttpCommandExecutor.execute(HttpCommandExecutor.java:191)
	at org.openqa.selenium.remote.service.DriverCommandExecutor.invokeExecute(DriverCommandExecutor.java:196)
	at org.openqa.selenium.remote.service.DriverCommandExecutor.execute(DriverCommandExecutor.java:171)
	at org.openqa.selenium.remote.RemoteWebDriver.execute(RemoteWebDriver.java:518)
	at org.openqa.selenium.remote.ElementLocation$ElementFinder$2.findElement(ElementLocation.java:165)
	at org.openqa.selenium.remote.ElementLocation.findElement(ElementLocation.java:59)
	at org.openqa.selenium.remote.RemoteWebDriver.findElement(RemoteWebDriver.java:355)
	at org.openqa.selenium.remote.RemoteWebDriver.findElement(RemoteWebDriver.java:349)
	at org.openqa.selenium.support.pagefactory.DefaultElementLocator.findElement(DefaultElementLocator.java:68)
	at org.openqa.selenium.support.pagefactory.internal.LocatingElementHandler.invoke(LocatingElementHandler.java:38)
	at jdk.proxy2/jdk.proxy2.$Proxy20.getText(Unknown Source)
	at details_section.PageObject.CONTRACT.Basic.FireInsurance(Basic.java:662)
	... 29 more
</pre></div></td>
<td>57</td>
<td>details_section.Contract.BasicTest@26abb146</td></tr>
</table><p>
<table width='100%' border='1' class='invocation-passed'>
<tr><td colspan='4' align='center'><b>PASSED TESTS</b></td></tr>
<tr><td><b>Test method</b></td>
<td><b>Attribute(s)</b></td>
<td width="30%"><b>Exception</b></td>
<td width="10%"><b>Time (seconds)</b></td>
<td><b>Instance</b></td>
</tr>
<tr>
<td title='details_section.Contract.BasicTest.Verify_In_BasicSection_File_Details_FirmContactAddEditDelete_working_proper_or_not()'><b>Verify_In_BasicSection_File_Details_FirmContactAddEditDelete_working_proper_or_not</b><br>Test class: details_section.Contract.BasicTest<br>Parameters: [{Single_Transferee=Utsavi A. Patel, Conveyancer=John Smith, Estate_Transferor=Seller Test, Single_Transferor=Alice Horton, Firm_Contact=Angela Ratcliffe, Corporation_Transferor=ABC Company, Responsible_Lawyer=Maurizio Romanin, Estate_Transferee=Test, MortgageBroker_Fee=5000, Corporation_Transferee=ABC Corp.}, {OtherSide_Lawyer=Patel, Broker_LastName=Patel, Contract_Price=900000, Vendor_Deposit=7000, Broker_ContractPrice=3, Closing_Date=01/DEC/2023, Broker_Deposit=2000, Lawyer_Deposit=5000}, {Street_Name=Don Mills, Street_Number=715, Postal_Code=M3C 1V9, City=Toronto}]</td>
<td></td>
<td>47</td>
<td>details_section.Contract.BasicTest@26abb146</td></tr>
<tr>
<td title='details_section.Contract.BasicTest.Verify_In_BasicSection_File_Configuration_Different_fields_working_proper_or_not()'><b>Verify_In_BasicSection_File_Configuration_Different_fields_working_proper_or_not</b><br>Test class: details_section.Contract.BasicTest<br>Parameters: [{Single_Transferee=Utsavi A. Patel, Conveyancer=John Smith, Estate_Transferor=Seller Test, Single_Transferor=Alice Horton, Firm_Contact=Angela Ratcliffe, Corporation_Transferor=ABC Company, Responsible_Lawyer=Maurizio Romanin, Estate_Transferee=Test, MortgageBroker_Fee=5000, Corporation_Transferee=ABC Corp.}, {OtherSide_Lawyer=Patel, Broker_LastName=Patel, Contract_Price=900000, Vendor_Deposit=7000, Broker_ContractPrice=3, Closing_Date=01/DEC/2023, Broker_Deposit=2000, Lawyer_Deposit=5000}, {Street_Name=Don Mills, Street_Number=715, Postal_Code=M3C 1V9, City=Toronto}]</td>
<td></td>
<td>46</td>
<td>details_section.Contract.BasicTest@26abb146</td></tr>
<tr>
<td title='details_section.Contract.BasicTest.Verify_In_BasicSection_Transferor_Different_Criteria_working_proper_or_not()'><b>Verify_In_BasicSection_Transferor_Different_Criteria_working_proper_or_not</b><br>Test class: details_section.Contract.BasicTest<br>Parameters: [{Single_Transferee=Utsavi A. Patel, Conveyancer=John Smith, Estate_Transferor=Seller Test, Single_Transferor=Alice Horton, Firm_Contact=Angela Ratcliffe, Corporation_Transferor=ABC Company, Responsible_Lawyer=Maurizio Romanin, Estate_Transferee=Test, MortgageBroker_Fee=5000, Corporation_Transferee=ABC Corp.}, {OtherSide_Lawyer=Patel, Broker_LastName=Patel, Contract_Price=900000, Vendor_Deposit=7000, Broker_ContractPrice=3, Closing_Date=01/DEC/2023, Broker_Deposit=2000, Lawyer_Deposit=5000}, {Street_Name=Don Mills, Street_Number=715, Postal_Code=M3C 1V9, City=Toronto}]</td>
<td></td>
<td>66</td>
<td>details_section.Contract.BasicTest@26abb146</td></tr>
<tr>
<td title='details_section.Contract.BasicTest.Verify_In_BasicSection_File_Details_Conveyancer_working_proper_or_not()'><b>Verify_In_BasicSection_File_Details_Conveyancer_working_proper_or_not</b><br>Test class: details_section.Contract.BasicTest<br>Parameters: [{Single_Transferee=Utsavi A. Patel, Conveyancer=John Smith, Estate_Transferor=Seller Test, Single_Transferor=Alice Horton, Firm_Contact=Angela Ratcliffe, Corporation_Transferor=ABC Company, Responsible_Lawyer=Maurizio Romanin, Estate_Transferee=Test, MortgageBroker_Fee=5000, Corporation_Transferee=ABC Corp.}, {OtherSide_Lawyer=Patel, Broker_LastName=Patel, Contract_Price=900000, Vendor_Deposit=7000, Broker_ContractPrice=3, Closing_Date=01/DEC/2023, Broker_Deposit=2000, Lawyer_Deposit=5000}, {Street_Name=Don Mills, Street_Number=715, Postal_Code=M3C 1V9, City=Toronto}]</td>
<td></td>
<td>46</td>
<td>details_section.Contract.BasicTest@26abb146</td></tr>
<tr>
<td title='details_section.Contract.BasicTest.Verify_In_BasicSection_Transferee_Different_Criteria_working_proper_or_not()'><b>Verify_In_BasicSection_Transferee_Different_Criteria_working_proper_or_not</b><br>Test class: details_section.Contract.BasicTest<br>Parameters: [{Single_Transferee=Utsavi A. Patel, Conveyancer=John Smith, Estate_Transferor=Seller Test, Single_Transferor=Alice Horton, Firm_Contact=Angela Ratcliffe, Corporation_Transferor=ABC Company, Responsible_Lawyer=Maurizio Romanin, Estate_Transferee=Test, MortgageBroker_Fee=5000, Corporation_Transferee=ABC Corp.}, {OtherSide_Lawyer=Patel, Broker_LastName=Patel, Contract_Price=900000, Vendor_Deposit=7000, Broker_ContractPrice=3, Closing_Date=01/DEC/2023, Broker_Deposit=2000, Lawyer_Deposit=5000}, {Street_Name=Don Mills, Street_Number=715, Postal_Code=M3C 1V9, City=Toronto}]</td>
<td></td>
<td>66</td>
<td>details_section.Contract.BasicTest@26abb146</td></tr>
<tr>
<td title='details_section.Contract.BasicTest.Verify_In_BasicSection_File_Details_Responsible_Lawyer_working_proper_or_not()'><b>Verify_In_BasicSection_File_Details_Responsible_Lawyer_working_proper_or_not</b><br>Test class: details_section.Contract.BasicTest<br>Parameters: [{Single_Transferee=Utsavi A. Patel, Conveyancer=John Smith, Estate_Transferor=Seller Test, Single_Transferor=Alice Horton, Firm_Contact=Angela Ratcliffe, Corporation_Transferor=ABC Company, Responsible_Lawyer=Maurizio Romanin, Estate_Transferee=Test, MortgageBroker_Fee=5000, Corporation_Transferee=ABC Corp.}, {OtherSide_Lawyer=Patel, Broker_LastName=Patel, Contract_Price=900000, Vendor_Deposit=7000, Broker_ContractPrice=3, Closing_Date=01/DEC/2023, Broker_Deposit=2000, Lawyer_Deposit=5000}, {Street_Name=Don Mills, Street_Number=715, Postal_Code=M3C 1V9, City=Toronto}]</td>
<td></td>
<td>57</td>
<td>details_section.Contract.BasicTest@26abb146</td></tr>
<tr>
<td title='details_section.Contract.BasicTest.Verify_In_BasicSection_MortgageBrokerFee_field_working_proper_or_not()'><b>Verify_In_BasicSection_MortgageBrokerFee_field_working_proper_or_not</b><br>Test class: details_section.Contract.BasicTest<br>Parameters: [{Single_Transferee=Utsavi A. Patel, Conveyancer=John Smith, Estate_Transferor=Seller Test, Single_Transferor=Alice Horton, Firm_Contact=Angela Ratcliffe, Corporation_Transferor=ABC Company, Responsible_Lawyer=Maurizio Romanin, Estate_Transferee=Test, MortgageBroker_Fee=5000, Corporation_Transferee=ABC Corp.}, {OtherSide_Lawyer=Patel, Broker_LastName=Patel, Contract_Price=900000, Vendor_Deposit=7000, Broker_ContractPrice=3, Closing_Date=01/DEC/2023, Broker_Deposit=2000, Lawyer_Deposit=5000}, {Street_Name=Don Mills, Street_Number=715, Postal_Code=M3C 1V9, City=Toronto}]</td>
<td></td>
<td>48</td>
<td>details_section.Contract.BasicTest@26abb146</td></tr>
</table><p>
</body>
</html>