<?xml version="1.0" encoding="UTF-8"?>
<!-- Generated by org.testng.reporters.JUnitXMLReporter -->
<testsuite ignored="0" hostname="DESKTOP-VK574E3" failures="2" tests="12" name="AdvanceSearchFilter" time="589.282" errors="0" timestamp="2023-10-31T16:16:50 EDT">
  <testcase classname="home.AdvanceSearchFilterTest" name="Verify_Cancel_button_working_or_not" time="11.61"/>
  <testcase classname="home.AdvanceSearchFilterTest" name="Verify_In_Advance_search_Address_Criteria_working_or_not" time="43.111"/>
  <testcase classname="home.AdvanceSearchFilterTest" name="Verify_In_Advance_search_Client_name_Criteria_working_or_not" time="53.956"/>
  <testcase classname="home.AdvanceSearchFilterTest" name="Verify_In_Advance_search_Closing_date_Criteria_working_or_not" time="32.217"/>
  <testcase classname="home.AdvanceSearchFilterTest" name="Verify_In_Advance_search_File_Status_Critria_working_or_not" time="22.445"/>
  <testcase classname="home.AdvanceSearchFilterTest" name="Verify_In_Advance_search_File_Types_Criteria_working_or_not" time="12.523">
    <failure type="java.lang.AssertionError" message="*****Fail : An exception occurred while testing File Types Criteria.*****">
      <![CDATA[java.lang.AssertionError: *****Fail : An exception occurred while testing File Types Criteria.*****
at home.PageObject.Advance_Search_Filter.AdvanceSearchFileTypes(Advance_Search_Filter.java:200)
at home.AdvanceSearchFilterTest.Verify_In_Advance_search_File_Types_Criteria_working_or_not(AdvanceSearchFilterTest.java:32)
at java.base/java.util.ArrayList.forEach(ArrayList.java:1511)
Caused by: org.openqa.selenium.StaleElementReferenceException: stale element reference: stale element not found
  (Session info: chrome=118.0.5993.118)
For documentation on this error, please visit: https://www.selenium.dev/documentation/webdriver/troubleshooting/errors#stale-element-reference-exception
Build info: version: '4.11.0', revision: '040bc5406b'
System info: os.name: 'Windows 11', os.arch: 'amd64', os.version: '10.0', java.version: '17.0.5'
Driver info: org.openqa.selenium.chrome.ChromeDriver
Command: [f8900bf5532b19d8c11c81d410e31638, isElementDisplayed {id=E787DFA356A2824B69E2BD3E6D47DBBC_element_100}]
Capabilities {acceptInsecureCerts: false, browserName: chrome, browserVersion: 118.0.5993.118, chrome: {chromedriverVersion: 118.0.5993.70 (e52f33f30b91..., userDataDir: C:\Users\utsavi\AppData\Loc...}, fedcm:accounts: true, goog:chromeOptions: {debuggerAddress: localhost:54443}, networkConnectionEnabled: false, pageLoadStrategy: normal, platformName: windows, proxy: Proxy(), se:cdp: ws://localhost:54443/devtoo..., se:cdpVersion: 118.0.5993.118, setWindowRect: true, strictFileInteractability: false, timeouts: {implicit: 0, pageLoad: 300000, script: 30000}, unhandledPromptBehavior: dismiss and notify, webauthn:extension:credBlob: true, webauthn:extension:largeBlob: true, webauthn:extension:minPinLength: true, webauthn:extension:prf: true, webauthn:virtualAuthenticators: true}
Element: [[ChromeDriver: chrome on windows (f8900bf5532b19d8c11c81d410e31638)] -> xpath: //div[@id='ListSection']//table//tbody//td[1]/span]
Session ID: f8900bf5532b19d8c11c81d410e31638
at org.openqa.selenium.remote.codec.w3c.W3CHttpResponseCodec.createException(W3CHttpResponseCodec.java:200)
at org.openqa.selenium.remote.codec.w3c.W3CHttpResponseCodec.decode(W3CHttpResponseCodec.java:133)
at org.openqa.selenium.remote.codec.w3c.W3CHttpResponseCodec.decode(W3CHttpResponseCodec.java:52)
at org.openqa.selenium.remote.HttpCommandExecutor.execute(HttpCommandExecutor.java:191)
at org.openqa.selenium.remote.service.DriverCommandExecutor.invokeExecute(DriverCommandExecutor.java:196)
at org.openqa.selenium.remote.service.DriverCommandExecutor.execute(DriverCommandExecutor.java:171)
at org.openqa.selenium.remote.RemoteWebDriver.execute(RemoteWebDriver.java:518)
at org.openqa.selenium.remote.RemoteWebElement.execute(RemoteWebElement.java:224)
at org.openqa.selenium.remote.RemoteWebElement.isDisplayed(RemoteWebElement.java:280)
at org.openqa.selenium.support.ui.ExpectedConditions.elementIfVisible(ExpectedConditions.java:304)
at org.openqa.selenium.support.ui.ExpectedConditions.access$000(ExpectedConditions.java:37)
at org.openqa.selenium.support.ui.ExpectedConditions$10.apply(ExpectedConditions.java:290)
at org.openqa.selenium.support.ui.ExpectedConditions$10.apply(ExpectedConditions.java:287)
at org.openqa.selenium.support.ui.FluentWait.until(FluentWait.java:205)
at project.AbstractComponents.AbstractComponent.waitForWebElementToAppear(AbstractComponent.java:105)
at home.PageObject.Advance_Search_Filter.AdvanceSearchFileTypes(Advance_Search_Filter.java:173)
... 29 more
... Removed 33 stack frames]]>
    </failure>
  </testcase> <!-- Verify_In_Advance_search_File_Types_Criteria_working_or_not -->
  <testcase classname="home.AdvanceSearchFilterTest" name="Verify_In_Advance_search_Firm_Contact_Critria_working_or_not" time="46.441"/>
  <testcase classname="home.AdvanceSearchFilterTest" name="Verify_In_Advance_search_Lawyer_name_Criteria_working_or_not" time="45.574"/>
  <testcase classname="home.AdvanceSearchFilterTest" name="Verify_In_Advance_search_Other_side_File_name_Criteria_working_or_not" time="55.639"/>
  <testcase classname="home.AdvanceSearchFilterTest" name="Verify_In_Advance_search_Property_Type_Criteria_working_or_not" time="73.203">
    <failure type="java.lang.AssertionError" message="*****Fail: An exception occurred while verifying Property Type match.*****">
      <![CDATA[java.lang.AssertionError: *****Fail: An exception occurred while verifying Property Type match.*****
at home.PageObject.Advance_Search_Filter.verifyPropertyTypeMatch(Advance_Search_Filter.java:676)
at home.PageObject.Advance_Search_Filter.performSearchforPropertytype(Advance_Search_Filter.java:701)
at home.PageObject.Advance_Search_Filter.AdvanceSearchPropertyType(Advance_Search_Filter.java:638)
at home.AdvanceSearchFilterTest.Verify_In_Advance_search_Property_Type_Criteria_working_or_not(AdvanceSearchFilterTest.java:100)
at java.base/java.util.ArrayList.forEach(ArrayList.java:1511)
Caused by: org.openqa.selenium.TimeoutException: Expected condition failed: waiting for visibility of element located by By.xpath: //span[@class='item-name' and contains(text(),'Property')] (tried for 20 second(s) with 500 milliseconds interval)
Build info: version: '4.11.0', revision: '040bc5406b'
System info: os.name: 'Windows 11', os.arch: 'amd64', os.version: '10.0', java.version: '17.0.5'
Driver info: org.openqa.selenium.chrome.ChromeDriver
Capabilities {acceptInsecureCerts: false, browserName: chrome, browserVersion: 118.0.5993.118, chrome: {chromedriverVersion: 118.0.5993.70 (e52f33f30b91..., userDataDir: C:\Users\utsavi\AppData\Loc...}, fedcm:accounts: true, goog:chromeOptions: {debuggerAddress: localhost:54600}, networkConnectionEnabled: false, pageLoadStrategy: normal, platformName: windows, proxy: Proxy(), se:cdp: ws://localhost:54600/devtoo..., se:cdpVersion: 118.0.5993.118, setWindowRect: true, strictFileInteractability: false, timeouts: {implicit: 0, pageLoad: 300000, script: 30000}, unhandledPromptBehavior: dismiss and notify, webauthn:extension:credBlob: true, webauthn:extension:largeBlob: true, webauthn:extension:minPinLength: true, webauthn:extension:prf: true, webauthn:virtualAuthenticators: true}
Session ID: c880484aa5f9c6f8d3e237abb482b0dd
at org.openqa.selenium.support.ui.WebDriverWait.timeoutException(WebDriverWait.java:84)
at org.openqa.selenium.support.ui.FluentWait.until(FluentWait.java:230)
at project.AbstractComponents.AbstractComponent.waitForElementToAppear(AbstractComponent.java:98)
at home.PageObject.Advance_Search_Filter.switchToFrameAndClickMenu(Advance_Search_Filter.java:806)
at home.PageObject.Advance_Search_Filter.verifyPropertyTypeMatch(Advance_Search_Filter.java:652)
... 31 more
... Removed 28 stack frames]]>
    </failure>
  </testcase> <!-- Verify_In_Advance_search_Property_Type_Criteria_working_or_not -->
  <testcase classname="home.AdvanceSearchFilterTest" name="Verify_In_Advance_search_Reline_Criteria_working_or_not" time="98.451"/>
  <testcase classname="home.AdvanceSearchFilterTest" name="Verify_In_Advance_search_Responsible_Lawyer_Critria_working_or_not" time="46.533"/>
</testsuite> <!-- AdvanceSearchFilter -->
