<?xml version="1.0" encoding="UTF-8"?>
<!-- Generated by org.testng.reporters.JUnitXMLReporter -->
<testsuite ignored="0" hostname="DESKTOP-VK574E3" failures="1" tests="9" name="BasicSection" time="677.543" errors="0" timestamp="2023-10-02T15:39:48 EDT">
  <testcase classname="project.TestComponents.BaseTest" name="@AfterMethod tearDown" time="2.193">
    <failure type="org.openqa.selenium.ElementClickInterceptedException" message="element click intercepted: Element &amp;lt;span id=&amp;quot;intitials&amp;quot;&amp;gt;...&amp;lt;/span&amp;gt; is not clickable at point (1502, 26). Other element would receive the click: &amp;lt;dialog style=&amp;quot;height:700px;width:1140px;help=no;status=yes;resizable=yes;resize:auto; overflow:hidden;&amp;quot; class=&amp;quot;overlay&amp;quot; open=&amp;quot;&amp;quot;&amp;gt;...&amp;lt;/dialog&amp;gt;
  (Session info: chrome=117.0.5938.132)
Build info: version: &amp;apos;4.11.0&amp;apos;, revision: &amp;apos;040bc5406b&amp;apos;
System info: os.name: &amp;apos;Windows 11&amp;apos;, os.arch: &amp;apos;amd64&amp;apos;, os.version: &amp;apos;10.0&amp;apos;, java.version: &amp;apos;17.0.5&amp;apos;
Driver info: org.openqa.selenium.chrome.ChromeDriver
Command: [e84a7fb439bd977b1c02d6628fc7b790, clickElement {id=3FD0DDFB1140A3E52D0A657B3D89CC17_element_499}]
Capabilities {acceptInsecureCerts: false, browserName: chrome, browserVersion: 117.0.5938.132, chrome: {chromedriverVersion: 117.0.5938.92 (67649b10b92b..., userDataDir: C:\Users\utsavi\AppData\Loc...}, fedcm:accounts: true, goog:chromeOptions: {debuggerAddress: localhost:57598}, networkConnectionEnabled: false, pageLoadStrategy: normal, platformName: windows, proxy: Proxy(), se:cdp: ws://localhost:57598/devtoo..., se:cdpVersion: 117.0.5938.132, setWindowRect: true, strictFileInteractability: false, timeouts: {implicit: 0, pageLoad: 300000, script: 30000}, unhandledPromptBehavior: dismiss and notify, webauthn:extension:credBlob: true, webauthn:extension:largeBlob: true, webauthn:extension:minPinLength: true, webauthn:extension:prf: true, webauthn:virtualAuthenticators: true}
Element: [[ChromeDriver: chrome on windows (e84a7fb439bd977b1c02d6628fc7b790)] -&amp;gt; xpath: //span[@id=&amp;apos;intitials&amp;apos;]]
Session ID: e84a7fb439bd977b1c02d6628fc7b790">
      <![CDATA[org.openqa.selenium.ElementClickInterceptedException: element click intercepted: Element <span id="intitials">...</span> is not clickable at point (1502, 26). Other element would receive the click: <dialog style="height:700px;width:1140px;help=no;status=yes;resizable=yes;resize:auto; overflow:hidden;" class="overlay" open="">...</dialog>
  (Session info: chrome=117.0.5938.132)
Build info: version: '4.11.0', revision: '040bc5406b'
System info: os.name: 'Windows 11', os.arch: 'amd64', os.version: '10.0', java.version: '17.0.5'
Driver info: org.openqa.selenium.chrome.ChromeDriver
Command: [e84a7fb439bd977b1c02d6628fc7b790, clickElement {id=3FD0DDFB1140A3E52D0A657B3D89CC17_element_499}]
Capabilities {acceptInsecureCerts: false, browserName: chrome, browserVersion: 117.0.5938.132, chrome: {chromedriverVersion: 117.0.5938.92 (67649b10b92b..., userDataDir: C:\Users\utsavi\AppData\Loc...}, fedcm:accounts: true, goog:chromeOptions: {debuggerAddress: localhost:57598}, networkConnectionEnabled: false, pageLoadStrategy: normal, platformName: windows, proxy: Proxy(), se:cdp: ws://localhost:57598/devtoo..., se:cdpVersion: 117.0.5938.132, setWindowRect: true, strictFileInteractability: false, timeouts: {implicit: 0, pageLoad: 300000, script: 30000}, unhandledPromptBehavior: dismiss and notify, webauthn:extension:credBlob: true, webauthn:extension:largeBlob: true, webauthn:extension:minPinLength: true, webauthn:extension:prf: true, webauthn:virtualAuthenticators: true}
Element: [[ChromeDriver: chrome on windows (e84a7fb439bd977b1c02d6628fc7b790)] -> xpath: //span[@id='intitials']]
Session ID: e84a7fb439bd977b1c02d6628fc7b790
at org.openqa.selenium.remote.codec.w3c.W3CHttpResponseCodec.createException(W3CHttpResponseCodec.java:200)
at org.openqa.selenium.remote.codec.w3c.W3CHttpResponseCodec.decode(W3CHttpResponseCodec.java:133)
at org.openqa.selenium.remote.codec.w3c.W3CHttpResponseCodec.decode(W3CHttpResponseCodec.java:52)
at org.openqa.selenium.remote.HttpCommandExecutor.execute(HttpCommandExecutor.java:191)
at org.openqa.selenium.remote.service.DriverCommandExecutor.invokeExecute(DriverCommandExecutor.java:196)
at org.openqa.selenium.remote.service.DriverCommandExecutor.execute(DriverCommandExecutor.java:171)
at org.openqa.selenium.remote.RemoteWebDriver.execute(RemoteWebDriver.java:518)
at org.openqa.selenium.remote.RemoteWebElement.execute(RemoteWebElement.java:224)
at org.openqa.selenium.remote.RemoteWebElement.click(RemoteWebElement.java:77)
at project.TestComponents.BaseTest.tearDown(BaseTest.java:201)
at java.base/java.util.ArrayList.forEach(ArrayList.java:1511)
... Removed 37 stack frames]]>
    </failure>
  </testcase> <!-- @AfterMethod tearDown -->
  <testcase classname="details_section.Contract.BasicTest" name="Verify_In_BasicSection_File_Configuration_Different_fields_working_proper_or_not" time="65.805"/>
  <testcase classname="details_section.Contract.BasicTest" name="Verify_In_BasicSection_File_Details_Conveyancer_working_proper_or_not" time="66.109"/>
  <testcase classname="details_section.Contract.BasicTest" name="Verify_In_BasicSection_File_Details_FirmContactAddEditDelete_working_proper_or_not" time="67.499"/>
  <testcase classname="details_section.Contract.BasicTest" name="Verify_In_BasicSection_File_Details_Responsible_Lawyer_working_proper_or_not" time="78.018"/>
  <testcase classname="details_section.Contract.BasicTest" name="Verify_In_BasicSection_Fire_Insurance_Different_fields_working_proper_or_not" time="69.749"/>
  <testcase classname="details_section.Contract.BasicTest" name="Verify_In_BasicSection_MortgageBrokerFee_field_working_proper_or_not" time="70.871"/>
  <testcase classname="details_section.Contract.BasicTest" name="Verify_In_BasicSection_Mortgage_Broker_field_working_proper_or_not" time="68.106"/>
  <testcase classname="details_section.Contract.BasicTest" name="Verify_In_BasicSection_Transferee_Different_Criteria_working_proper_or_not" time="75.447"/>
  <testcase classname="details_section.Contract.BasicTest" name="Verify_In_BasicSection_Transferor_Different_Criteria_working_proper_or_not" time="72.503">
    <failure type="org.openqa.selenium.UnhandledAlertException" message="unexpected alert open: {Alert text : New!   Now select Estate wording for your requisition letter in the Issues List.}
  (Session info: chrome=117.0.5938.132): New!   Now select Estate wording for your requisition letter in the Issues List.
Build info: version: &amp;apos;4.11.0&amp;apos;, revision: &amp;apos;040bc5406b&amp;apos;
System info: os.name: &amp;apos;Windows 11&amp;apos;, os.arch: &amp;apos;amd64&amp;apos;, os.version: &amp;apos;10.0&amp;apos;, java.version: &amp;apos;17.0.5&amp;apos;
Driver info: org.openqa.selenium.chrome.ChromeDriver
Command: [e84a7fb439bd977b1c02d6628fc7b790, findElement {using=xpath, value=(//input[@attrname=&amp;apos;DeceasedName&amp;apos; and @subnodestatus=&amp;apos;0&amp;apos;])[last()]}]
Capabilities {acceptInsecureCerts: false, browserName: chrome, browserVersion: 117.0.5938.132, chrome: {chromedriverVersion: 117.0.5938.92 (67649b10b92b..., userDataDir: C:\Users\utsavi\AppData\Loc...}, fedcm:accounts: true, goog:chromeOptions: {debuggerAddress: localhost:57598}, networkConnectionEnabled: false, pageLoadStrategy: normal, platformName: windows, proxy: Proxy(), se:cdp: ws://localhost:57598/devtoo..., se:cdpVersion: 117.0.5938.132, setWindowRect: true, strictFileInteractability: false, timeouts: {implicit: 0, pageLoad: 300000, script: 30000}, unhandledPromptBehavior: dismiss and notify, webauthn:extension:credBlob: true, webauthn:extension:largeBlob: true, webauthn:extension:minPinLength: true, webauthn:extension:prf: true, webauthn:virtualAuthenticators: true}
Session ID: e84a7fb439bd977b1c02d6628fc7b790">
      <![CDATA[org.openqa.selenium.UnhandledAlertException: unexpected alert open: {Alert text : New!   Now select Estate wording for your requisition letter in the Issues List.}
  (Session info: chrome=117.0.5938.132): New!   Now select Estate wording for your requisition letter in the Issues List.
Build info: version: '4.11.0', revision: '040bc5406b'
System info: os.name: 'Windows 11', os.arch: 'amd64', os.version: '10.0', java.version: '17.0.5'
Driver info: org.openqa.selenium.chrome.ChromeDriver
Command: [e84a7fb439bd977b1c02d6628fc7b790, findElement {using=xpath, value=(//input[@attrname='DeceasedName' and @subnodestatus='0'])[last()]}]
Capabilities {acceptInsecureCerts: false, browserName: chrome, browserVersion: 117.0.5938.132, chrome: {chromedriverVersion: 117.0.5938.92 (67649b10b92b..., userDataDir: C:\Users\utsavi\AppData\Loc...}, fedcm:accounts: true, goog:chromeOptions: {debuggerAddress: localhost:57598}, networkConnectionEnabled: false, pageLoadStrategy: normal, platformName: windows, proxy: Proxy(), se:cdp: ws://localhost:57598/devtoo..., se:cdpVersion: 117.0.5938.132, setWindowRect: true, strictFileInteractability: false, timeouts: {implicit: 0, pageLoad: 300000, script: 30000}, unhandledPromptBehavior: dismiss and notify, webauthn:extension:credBlob: true, webauthn:extension:largeBlob: true, webauthn:extension:minPinLength: true, webauthn:extension:prf: true, webauthn:virtualAuthenticators: true}
Session ID: e84a7fb439bd977b1c02d6628fc7b790
at org.openqa.selenium.remote.codec.w3c.W3CHttpResponseCodec.decode(W3CHttpResponseCodec.java:131)
at org.openqa.selenium.remote.codec.w3c.W3CHttpResponseCodec.decode(W3CHttpResponseCodec.java:52)
at org.openqa.selenium.remote.HttpCommandExecutor.execute(HttpCommandExecutor.java:191)
at org.openqa.selenium.remote.service.DriverCommandExecutor.invokeExecute(DriverCommandExecutor.java:196)
at org.openqa.selenium.remote.service.DriverCommandExecutor.execute(DriverCommandExecutor.java:171)
at org.openqa.selenium.remote.RemoteWebDriver.execute(RemoteWebDriver.java:518)
at org.openqa.selenium.remote.ElementLocation$ElementFinder$2.findElement(ElementLocation.java:165)
at org.openqa.selenium.remote.ElementLocation.findElement(ElementLocation.java:59)
at org.openqa.selenium.remote.RemoteWebDriver.findElement(RemoteWebDriver.java:355)
at org.openqa.selenium.remote.RemoteWebDriver.findElement(RemoteWebDriver.java:349)
at org.openqa.selenium.support.pagefactory.DefaultElementLocator.findElement(DefaultElementLocator.java:68)
at org.openqa.selenium.support.pagefactory.internal.LocatingElementHandler.invoke(LocatingElementHandler.java:38)
at jdk.proxy2/jdk.proxy2.$Proxy19.sendKeys(Unknown Source)
at details_section.PageObject.CONTRACT.Basic.Transferor(Basic.java:457)
at details_section.Contract.BasicTest.Verify_In_BasicSection_Transferor_Different_Criteria_working_proper_or_not(BasicTest.java:124)
at java.base/java.util.ArrayList.forEach(ArrayList.java:1511)
... Removed 27 stack frames]]>
    </failure>
  </testcase> <!-- Verify_In_BasicSection_Transferor_Different_Criteria_working_proper_or_not -->
</testsuite> <!-- BasicSection -->
