<?xml version="1.0" encoding="UTF-8"?>
<!-- Generated by org.testng.reporters.JUnitReportReporter -->
<testsuite hostname="DESKTOP-VK574E3" failures="1" tests="1" name="details_section.Buyer_Seller_Side.Buyer_SideTest" time="111.655" errors="0" timestamp="2023-11-17T15:54:39 EST" skipped="0">
  <testcase classname="details_section.Buyer_Seller_Side.Buyer_SideTest" name="Verify_Move_Up_Move_Down_Delete_and_ID_Verification_icon_working_proper_or_not" time="111.655">
    <failure message="*****Fail: Fail: Scrolling down after clicking on ID verification failed..*****" type="java.lang.AssertionError">
      <![CDATA[java.lang.AssertionError: *****Fail: Fail: Scrolling down after clicking on ID verification failed..*****
at org.testng.Assert.fail(Assert.java:99)
at project.AbstractComponents.CommonFuncs.handleException(CommonFuncs.java:126)
at details_section.PageObject.BUYER_SELLER_SIDE.Buyer_side.BuyerSideThreeDotsMenu(Buyer_side.java:349)
at details_section.Buyer_Seller_Side.Buyer_SideTest.Verify_Move_Up_Move_Down_Delete_and_ID_Verification_icon_working_proper_or_not(Buyer_SideTest.java:41)
at java.base/jdk.internal.reflect.NativeMethodAccessorImpl.invoke0(Native Method)
at java.base/jdk.internal.reflect.NativeMethodAccessorImpl.invoke(NativeMethodAccessorImpl.java:77)
at java.base/jdk.internal.reflect.DelegatingMethodAccessorImpl.invoke(DelegatingMethodAccessorImpl.java:43)
at java.base/java.lang.reflect.Method.invoke(Method.java:568)
at org.testng.internal.invokers.MethodInvocationHelper.invokeMethod(MethodInvocationHelper.java:139)
at org.testng.internal.invokers.TestInvoker.invokeMethod(TestInvoker.java:664)
at org.testng.internal.invokers.TestInvoker.invokeTestMethod(TestInvoker.java:227)
at org.testng.internal.invokers.MethodRunner.runInSequence(MethodRunner.java:50)
at org.testng.internal.invokers.TestInvoker$MethodInvocationAgent.invoke(TestInvoker.java:957)
at org.testng.internal.invokers.TestInvoker.invokeTestMethods(TestInvoker.java:200)
at org.testng.internal.invokers.TestMethodWorker.invokeTestMethods(TestMethodWorker.java:148)
at org.testng.internal.invokers.TestMethodWorker.run(TestMethodWorker.java:128)
at java.base/java.util.ArrayList.forEach(ArrayList.java:1511)
at org.testng.TestRunner.privateRun(TestRunner.java:848)
at org.testng.TestRunner.run(TestRunner.java:621)
at org.testng.SuiteRunner.runTest(SuiteRunner.java:443)
at org.testng.SuiteRunner.runSequentially(SuiteRunner.java:437)
at org.testng.SuiteRunner.privateRun(SuiteRunner.java:397)
at org.testng.SuiteRunner.run(SuiteRunner.java:336)
at org.testng.SuiteRunnerWorker.runSuite(SuiteRunnerWorker.java:52)
at org.testng.SuiteRunnerWorker.run(SuiteRunnerWorker.java:95)
at org.testng.TestNG.runSuitesSequentially(TestNG.java:1280)
at org.testng.TestNG.runSuitesLocally(TestNG.java:1200)
at org.testng.TestNG.runSuites(TestNG.java:1114)
at org.testng.TestNG.run(TestNG.java:1082)
at org.testng.remote.AbstractRemoteTestNG.run(AbstractRemoteTestNG.java:115)
at org.testng.remote.RemoteTestNG.initAndRun(RemoteTestNG.java:251)
at org.testng.remote.RemoteTestNG.main(RemoteTestNG.java:77)
Caused by: java.lang.Exception: Fail: Scrolling down after clicking on ID verification failed.
... 30 more
]]>
    </failure>
  </testcase> <!-- Verify_Move_Up_Move_Down_Delete_and_ID_Verification_icon_working_proper_or_not -->
</testsuite> <!-- details_section.Buyer_Seller_Side.Buyer_SideTest -->
