<?xml version="1.0" encoding="UTF-8"?>
<!-- Generated by org.testng.reporters.JUnitReportReporter -->
<testsuite hostname="DESKTOP-VK574E3" failures="0" tests="11" name="home.AdvanceSearchFilterTest" time="643.873" errors="1" timestamp="2023-08-31T12:35:00 EDT" skipped="0">
  <testcase classname="home.AdvanceSearchFilterTest" name="Verify_In_Advance_search_Lawyer_name_Criteria_working_or_not" time="57.775"/>
  <testcase classname="home.AdvanceSearchFilterTest" name="Verify_In_Advance_search_Address_Criteria_working_or_not" time="35.239"/>
  <testcase classname="home.AdvanceSearchFilterTest" name="Verify_In_Advance_search_Firm_Contact_Critria_working_or_not" time="57.935"/>
  <testcase classname="home.AdvanceSearchFilterTest" name="Verify_In_Advance_search_Other_side_File_name_Criteria_working_or_not" time="57.956"/>
  <testcase classname="home.AdvanceSearchFilterTest" name="Verify_In_Advance_search_Property_Type_Criteria_working_or_not" time="90.232"/>
  <testcase classname="home.AdvanceSearchFilterTest" name="Verify_In_Advance_search_Reline_Criteria_working_or_not" time="129.318"/>
  <testcase classname="home.AdvanceSearchFilterTest" name="Verify_In_Advance_search_File_Status_Critria_working_or_not" time="23.714"/>
  <testcase classname="home.AdvanceSearchFilterTest" name="Verify_In_Advance_search_File_Types_Criteria_working_or_not" time="63.935">
    <error message="Expected condition failed: waiting for visibility of [[ChromeDriver: chrome on windows (96123878b81530ef0d05e44c4b9d94fc)] -&gt; xpath: //div[@id=&#039;ListSection&#039;]//table//tbody//td[1]/span] (tried for 30 second(s) with 500 milliseconds interval)" type="org.openqa.selenium.TimeoutException">
      <![CDATA[org.openqa.selenium.TimeoutException: Expected condition failed: waiting for visibility of [[ChromeDriver: chrome on windows (96123878b81530ef0d05e44c4b9d94fc)] -> xpath: //div[@id='ListSection']//table//tbody//td[1]/span] (tried for 30 second(s) with 500 milliseconds interval)
at org.openqa.selenium.support.ui.WebDriverWait.timeoutException(WebDriverWait.java:84)
at org.openqa.selenium.support.ui.FluentWait.until(FluentWait.java:230)
at project.AbstractComponents.AbstractComponent.waitForWebElementToAppear(AbstractComponent.java:104)
at home.PageObject.Advance_Search_Filter.AdvanceSearchFileTypes(Advance_Search_Filter.java:162)
at home.AdvanceSearchFilterTest.Verify_In_Advance_search_File_Types_Criteria_working_or_not(AdvanceSearchFilterTest.java:32)
at java.base/jdk.internal.reflect.NativeMethodAccessorImpl.invoke0(Native Method)
at java.base/jdk.internal.reflect.NativeMethodAccessorImpl.invoke(NativeMethodAccessorImpl.java:77)
at java.base/jdk.internal.reflect.DelegatingMethodAccessorImpl.invoke(DelegatingMethodAccessorImpl.java:43)
at java.base/java.lang.reflect.Method.invoke(Method.java:568)
at org.testng.internal.invokers.MethodInvocationHelper.invokeMethod(MethodInvocationHelper.java:139)
at org.testng.internal.invokers.TestInvoker.invokeMethod(TestInvoker.java:664)
at org.testng.internal.invokers.TestInvoker.invokeTestMethod(TestInvoker.java:227)
at org.testng.internal.invokers.MethodRunner.runInSequence(MethodRunner.java:50)
at org.testng.internal.invokers.TestInvoker$MethodInvocationAgent.invoke(TestInvoker.java:957)
at org.testng.internal.invokers.TestInvoker.invokeTestMethods(TestInvoker.java:200)
at org.testng.internal.invokers.TestMethodWorker.invokeTestMethods(TestMethodWorker.java:148)
at org.testng.internal.invokers.TestMethodWorker.run(TestMethodWorker.java:128)
at java.base/java.util.ArrayList.forEach(ArrayList.java:1511)
at org.testng.TestRunner.privateRun(TestRunner.java:848)
at org.testng.TestRunner.run(TestRunner.java:621)
at org.testng.SuiteRunner.runTest(SuiteRunner.java:443)
at org.testng.SuiteRunner.runSequentially(SuiteRunner.java:437)
at org.testng.SuiteRunner.privateRun(SuiteRunner.java:397)
at org.testng.SuiteRunner.run(SuiteRunner.java:336)
at org.testng.SuiteRunnerWorker.runSuite(SuiteRunnerWorker.java:52)
at org.testng.SuiteRunnerWorker.run(SuiteRunnerWorker.java:95)
at org.testng.TestNG.runSuitesSequentially(TestNG.java:1280)
at org.testng.TestNG.runSuitesLocally(TestNG.java:1200)
at org.testng.TestNG.runSuites(TestNG.java:1114)
at org.testng.TestNG.run(TestNG.java:1082)
at org.testng.remote.AbstractRemoteTestNG.run(AbstractRemoteTestNG.java:115)
at org.testng.remote.RemoteTestNG.initAndRun(RemoteTestNG.java:251)
at org.testng.remote.RemoteTestNG.main(RemoteTestNG.java:77)
Caused by: org.openqa.selenium.NoSuchElementException: no such element: No node with given id found
  (Session info: chrome=116.0.5845.140)
For documentation on this error, please visit: https://www.selenium.dev/documentation/webdriver/troubleshooting/errors#no-such-element-exception
Build info: version: '4.11.0', revision: '040bc5406b'
System info: os.name: 'Windows 11', os.arch: 'amd64', os.version: '10.0', java.version: '17.0.5'
Driver info: org.openqa.selenium.chrome.ChromeDriver
Command: [96123878b81530ef0d05e44c4b9d94fc, isElementDisplayed {id=F683CE05414028617E2D3BBB8B180862_element_101}]
Capabilities {acceptInsecureCerts: false, browserName: chrome, browserVersion: 116.0.5845.140, chrome: {chromedriverVersion: 116.0.5845.96 (1a3918166880..., userDataDir: C:\Users\utsavi\AppData\Loc...}, fedcm:accounts: true, goog:chromeOptions: {debuggerAddress: localhost:53691}, networkConnectionEnabled: false, pageLoadStrategy: normal, platformName: windows, proxy: Proxy(), se:cdp: ws://localhost:53691/devtoo..., se:cdpVersion: 116.0.5845.140, setWindowRect: true, strictFileInteractability: false, timeouts: {implicit: 0, pageLoad: 300000, script: 30000}, unhandledPromptBehavior: dismiss and notify, webauthn:extension:credBlob: true, webauthn:extension:largeBlob: true, webauthn:extension:minPinLength: true, webauthn:extension:prf: true, webauthn:virtualAuthenticators: true}
Element: [[ChromeDriver: chrome on windows (96123878b81530ef0d05e44c4b9d94fc)] -> xpath: //div[@id='ListSection']//table//tbody//td[1]/span]
Session ID: 96123878b81530ef0d05e44c4b9d94fc
at jdk.internal.reflect.GeneratedConstructorAccessor25.newInstance(Unknown Source)
at java.base/jdk.internal.reflect.DelegatingConstructorAccessorImpl.newInstance(DelegatingConstructorAccessorImpl.java:45)
at java.base/java.lang.reflect.Constructor.newInstanceWithCaller(Constructor.java:499)
at java.base/java.lang.reflect.Constructor.newInstance(Constructor.java:480)
at org.openqa.selenium.remote.codec.w3c.W3CHttpResponseCodec.createException(W3CHttpResponseCodec.java:200)
at org.openqa.selenium.remote.codec.w3c.W3CHttpResponseCodec.decode(W3CHttpResponseCodec.java:133)
at org.openqa.selenium.remote.codec.w3c.W3CHttpResponseCodec.decode(W3CHttpResponseCodec.java:52)
at org.openqa.selenium.remote.HttpCommandExecutor.execute(HttpCommandExecutor.java:191)
at org.openqa.selenium.remote.service.DriverCommandExecutor.invokeExecute(DriverCommandExecutor.java:196)
at org.openqa.selenium.remote.service.DriverCommandExecutor.execute(DriverCommandExecutor.java:171)
at org.openqa.selenium.remote.RemoteWebDriver.execute(RemoteWebDriver.java:518)
at org.openqa.selenium.remote.RemoteWebElement.execute(RemoteWebElement.java:224)
at org.openqa.selenium.remote.RemoteWebElement.isDisplayed(RemoteWebElement.java:280)
at org.openqa.selenium.support.ui.ExpectedConditions.elementIfVisible(ExpectedConditions.java:304)
at org.openqa.selenium.support.ui.ExpectedConditions.access$000(ExpectedConditions.java:37)
at org.openqa.selenium.support.ui.ExpectedConditions$10.apply(ExpectedConditions.java:290)
at org.openqa.selenium.support.ui.ExpectedConditions$10.apply(ExpectedConditions.java:287)
at org.openqa.selenium.support.ui.FluentWait.until(FluentWait.java:205)
... 31 more
]]>
    </error>
  </testcase> <!-- Verify_In_Advance_search_File_Types_Criteria_working_or_not -->
  <testcase classname="home.AdvanceSearchFilterTest" name="Verify_In_Advance_search_Client_name_Criteria_working_or_not" time="45.846"/>
  <testcase classname="home.AdvanceSearchFilterTest" name="Verify_In_Advance_search_Closing_date_Criteria_working_or_not" time="23.789"/>
  <testcase classname="home.AdvanceSearchFilterTest" name="Verify_In_Advance_search_Responsible_Lawyer_Critria_working_or_not" time="58.134"/>
</testsuite> <!-- home.AdvanceSearchFilterTest -->
